{"/root/lemma-dev/app/api/ai/generate/route.ts": {"path":"/root/lemma-dev/app/api/ai/generate/route.ts","statementMap":{"0":{"start":{"line":6,"column":0},"end":{"line":6,"column":7}},"1":{"start":{"line":1,"column":0},"end":{"line":1,"column":55}},"2":{"start":{"line":2,"column":0},"end":{"line":2,"column":29}},"3":{"start":{"line":3,"column":0},"end":{"line":3,"column":40}},"4":{"start":{"line":4,"column":0},"end":{"line":4,"column":53}},"5":{"start":{"line":7,"column":18},"end":{"line":7,"column":30}},"6":{"start":{"line":8,"column":2},"end":{"line":8,"column":null}},"7":{"start":{"line":8,"column":16},"end":{"line":8,"column":null}},"8":{"start":{"line":10,"column":24},"end":{"line":10,"column":40}},"9":{"start":{"line":11,"column":2},"end":{"line":11,"column":null}},"10":{"start":{"line":11,"column":18},"end":{"line":11,"column":null}},"11":{"start":{"line":13,"column":28},"end":{"line":17,"column":13}},"12":{"start":{"line":19,"column":2},"end":{"line":19,"column":null}},"13":{"start":{"line":19,"column":16},"end":{"line":19,"column":null}},"14":{"start":{"line":21,"column":2},"end":{"line":38,"column":3}},"15":{"start":{"line":22,"column":20},"end":{"line":22,"column":88}},"16":{"start":{"line":23,"column":28},"end":{"line":32,"column":15}},"17":{"start":{"line":34,"column":4},"end":{"line":34,"column":null}},"18":{"start":{"line":34,"column":15},"end":{"line":34,"column":null}},"19":{"start":{"line":35,"column":4},"end":{"line":35,"column":null}},"20":{"start":{"line":37,"column":4},"end":{"line":37,"column":null}}},"fnMap":{"0":{"name":"POST","decl":{"start":{"line":6,"column":22},"end":{"line":6,"column":26}},"loc":{"start":{"line":6,"column":43},"end":{"line":39,"column":1}}}},"branchMap":{"0":{"loc":{"start":{"line":8,"column":2},"end":{"line":8,"column":null}},"type":"if","locations":[{"start":{"line":8,"column":2},"end":{"line":8,"column":null}},{"start":{},"end":{}}]},"1":{"loc":{"start":{"line":11,"column":2},"end":{"line":11,"column":null}},"type":"if","locations":[{"start":{"line":11,"column":2},"end":{"line":11,"column":null}},{"start":{},"end":{}}]},"2":{"loc":{"start":{"line":19,"column":2},"end":{"line":19,"column":null}},"type":"if","locations":[{"start":{"line":19,"column":2},"end":{"line":19,"column":null}},{"start":{},"end":{}}]},"3":{"loc":{"start":{"line":34,"column":4},"end":{"line":34,"column":null}},"type":"if","locations":[{"start":{"line":34,"column":4},"end":{"line":34,"column":null}},{"start":{},"end":{}}]}},"s":{"0":0,"1":0,"2":0,"3":0,"4":0,"5":0,"6":0,"7":0,"8":0,"9":0,"10":0,"11":0,"12":0,"13":0,"14":0,"15":0,"16":0,"17":0,"18":0,"19":0,"20":0},"f":{"0":0},"b":{"0":[0,0],"1":[0,0],"2":[0,0],"3":[0,0]}}
,"/root/lemma-dev/app/api/ai/grade/route.ts": {"path":"/root/lemma-dev/app/api/ai/grade/route.ts","statementMap":{"0":{"start":{"line":8,"column":0},"end":{"line":8,"column":7}},"1":{"start":{"line":1,"column":0},"end":{"line":1,"column":55}},"2":{"start":{"line":2,"column":0},"end":{"line":2,"column":40}},"3":{"start":{"line":3,"column":0},"end":{"line":3,"column":67}},"4":{"start":{"line":4,"column":0},"end":{"line":4,"column":44}},"5":{"start":{"line":5,"column":0},"end":{"line":5,"column":46}},"6":{"start":{"line":9,"column":14},"end":{"line":9,"column":47}},"7":{"start":{"line":10,"column":2},"end":{"line":12,"column":3}},"8":{"start":{"line":11,"column":4},"end":{"line":11,"column":null}},"9":{"start":{"line":14,"column":27},"end":{"line":14,"column":43}},"10":{"start":{"line":15,"column":2},"end":{"line":15,"column":null}},"11":{"start":{"line":15,"column":21},"end":{"line":15,"column":null}},"12":{"start":{"line":18,"column":2},"end":{"line":21,"column":null}},"13":{"start":{"line":23,"column":2},"end":{"line":173,"column":3}},"14":{"start":{"line":25,"column":33},"end":{"line":29,"column":15}},"15":{"start":{"line":31,"column":4},"end":{"line":31,"column":null}},"16":{"start":{"line":31,"column":21},"end":{"line":31,"column":null}},"17":{"start":{"line":33,"column":33},"end":{"line":37,"column":15}},"18":{"start":{"line":39,"column":25},"end":{"line":39,"column":51}},"19":{"start":{"line":41,"column":33},"end":{"line":45,"column":15}},"20":{"start":{"line":47,"column":4},"end":{"line":47,"column":null}},"21":{"start":{"line":47,"column":21},"end":{"line":47,"column":null}},"22":{"start":{"line":49,"column":31},"end":{"line":52,"column":39}},"23":{"start":{"line":54,"column":4},"end":{"line":54,"column":null}},"24":{"start":{"line":54,"column":44},"end":{"line":54,"column":null}},"25":{"start":{"line":57,"column":22},"end":{"line":57,"column":96}},"26":{"start":{"line":60,"column":21},"end":{"line":60,"column":43}},"27":{"start":{"line":61,"column":24},"end":{"line":61,"column":52}},"28":{"start":{"line":62,"column":24},"end":{"line":62,"column":67}},"29":{"start":{"line":63,"column":26},"end":{"line":63,"column":78}},"30":{"start":{"line":66,"column":28},"end":{"line":79,"column":6}},"31":{"start":{"line":67,"column":6},"end":{"line":78,"column":7}},"32":{"start":{"line":68,"column":23},"end":{"line":73,"column":null}},"33":{"start":{"line":75,"column":8},"end":{"line":75,"column":null}},"34":{"start":{"line":77,"column":8},"end":{"line":77,"column":null}},"35":{"start":{"line":81,"column":27},"end":{"line":81,"column":61}},"36":{"start":{"line":84,"column":26},"end":{"line":84,"column":28}},"37":{"start":{"line":85,"column":23},"end":{"line":85,"column":24}},"38":{"start":{"line":87,"column":4},"end":{"line":153,"column":5}},"39":{"start":{"line":88,"column":6},"end":{"line":99,"column":7}},"40":{"start":{"line":89,"column":8},"end":{"line":97,"column":null}},"41":{"start":{"line":98,"column":8},"end":{"line":98,"column":16}},"42":{"start":{"line":102,"column":39},"end":{"line":102,"column":43}},"43":{"start":{"line":103,"column":6},"end":{"line":114,"column":7}},"44":{"start":{"line":104,"column":25},"end":{"line":107,"column":10}},"45":{"start":{"line":108,"column":8},"end":{"line":108,"column":null}},"46":{"start":{"line":110,"column":8},"end":{"line":113,"column":9}},"47":{"start":{"line":111,"column":10},"end":{"line":111,"column":null}},"48":{"start":{"line":112,"column":10},"end":{"line":112,"column":null}},"49":{"start":{"line":116,"column":6},"end":{"line":116,"column":null}},"50":{"start":{"line":116,"column":28},"end":{"line":116,"column":null}},"51":{"start":{"line":118,"column":44},"end":{"line":118,"column":48}},"52":{"start":{"line":120,"column":6},"end":{"line":142,"column":7}},"53":{"start":{"line":121,"column":8},"end":{"line":141,"column":9}},"54":{"start":{"line":122,"column":26},"end":{"line":125,"column":null}},"55":{"start":{"line":127,"column":37},"end":{"line":136,"column":21}},"56":{"start":{"line":138,"column":10},"end":{"line":138,"column":null}},"57":{"start":{"line":144,"column":6},"end":{"line":152,"column":null}},"58":{"start":{"line":156,"column":4},"end":{"line":156,"column":null}},"59":{"start":{"line":159,"column":4},"end":{"line":162,"column":null}},"60":{"start":{"line":164,"column":4},"end":{"line":164,"column":null}},"61":{"start":{"line":166,"column":4},"end":{"line":169,"column":null}},"62":{"start":{"line":171,"column":4},"end":{"line":171,"column":null}},"63":{"start":{"line":172,"column":4},"end":{"line":172,"column":null}}},"fnMap":{"0":{"name":"POST","decl":{"start":{"line":8,"column":22},"end":{"line":8,"column":26}},"loc":{"start":{"line":8,"column":43},"end":{"line":174,"column":1}}},"1":{"name":"(anonymous_1)","decl":{"start":{"line":66,"column":41},"end":{"line":66,"column":46}},"loc":{"start":{"line":66,"column":59},"end":{"line":79,"column":5}}}},"branchMap":{"0":{"loc":{"start":{"line":10,"column":2},"end":{"line":12,"column":3}},"type":"if","locations":[{"start":{"line":10,"column":2},"end":{"line":12,"column":3}},{"start":{},"end":{}}]},"1":{"loc":{"start":{"line":15,"column":2},"end":{"line":15,"column":null}},"type":"if","locations":[{"start":{"line":15,"column":2},"end":{"line":15,"column":null}},{"start":{},"end":{}}]},"2":{"loc":{"start":{"line":31,"column":4},"end":{"line":31,"column":null}},"type":"if","locations":[{"start":{"line":31,"column":4},"end":{"line":31,"column":null}},{"start":{},"end":{}}]},"3":{"loc":{"start":{"line":39,"column":25},"end":{"line":39,"column":51}},"type":"cond-expr","locations":[{"start":{"line":39,"column":35},"end":{"line":39,"column":37}},{"start":{"line":39,"column":25},"end":{"line":39,"column":51}}]},"4":{"loc":{"start":{"line":39,"column":25},"end":{"line":39,"column":37}},"type":"binary-expr","locations":[{"start":{"line":39,"column":25},"end":{"line":39,"column":37}},{"start":{"line":39,"column":25},"end":{"line":39,"column":37}}]},"5":{"loc":{"start":{"line":47,"column":4},"end":{"line":47,"column":null}},"type":"if","locations":[{"start":{"line":47,"column":4},"end":{"line":47,"column":null}},{"start":{},"end":{}}]},"6":{"loc":{"start":{"line":54,"column":4},"end":{"line":54,"column":null}},"type":"if","locations":[{"start":{"line":54,"column":4},"end":{"line":54,"column":null}},{"start":{},"end":{}}]},"7":{"loc":{"start":{"line":54,"column":8},"end":{"line":54,"column":42}},"type":"binary-expr","locations":[{"start":{"line":54,"column":8},"end":{"line":54,"column":17}},{"start":{"line":54,"column":21},"end":{"line":54,"column":42}}]},"8":{"loc":{"start":{"line":63,"column":26},"end":{"line":63,"column":78}},"type":"cond-expr","locations":[{"start":{"line":63,"column":62},"end":{"line":63,"column":66}},{"start":{"line":63,"column":66},"end":{"line":63,"column":78}}]},"9":{"loc":{"start":{"line":63,"column":26},"end":{"line":63,"column":66}},"type":"binary-expr","locations":[{"start":{"line":63,"column":26},"end":{"line":63,"column":66}},{"start":{"line":63,"column":62},"end":{"line":63,"column":66}}]},"10":{"loc":{"start":{"line":88,"column":6},"end":{"line":99,"column":7}},"type":"if","locations":[{"start":{"line":88,"column":6},"end":{"line":99,"column":7}},{"start":{},"end":{}}]},"11":{"loc":{"start":{"line":88,"column":10},"end":{"line":88,"column":26}},"type":"binary-expr","locations":[{"start":{"line":88,"column":10},"end":{"line":88,"column":15}},{"start":{"line":88,"column":19},"end":{"line":88,"column":26}}]},"12":{"loc":{"start":{"line":103,"column":6},"end":{"line":114,"column":7}},"type":"if","locations":[{"start":{"line":103,"column":6},"end":{"line":114,"column":7}},{"start":{},"end":{}}]},"13":{"loc":{"start":{"line":103,"column":10},"end":{"line":103,"column":52}},"type":"binary-expr","locations":[{"start":{"line":103,"column":10},"end":{"line":103,"column":28}},{"start":{"line":103,"column":32},"end":{"line":103,"column":52}}]},"14":{"loc":{"start":{"line":110,"column":8},"end":{"line":113,"column":9}},"type":"if","locations":[{"start":{"line":110,"column":8},"end":{"line":113,"column":9}},{"start":{},"end":{}}]},"15":{"loc":{"start":{"line":110,"column":12},"end":{"line":110,"column":47}},"type":"binary-expr","locations":[{"start":{"line":110,"column":12},"end":{"line":110,"column":28}},{"start":{"line":110,"column":32},"end":{"line":110,"column":47}}]},"16":{"loc":{"start":{"line":116,"column":6},"end":{"line":116,"column":null}},"type":"if","locations":[{"start":{"line":116,"column":6},"end":{"line":116,"column":null}},{"start":{},"end":{}}]},"17":{"loc":{"start":{"line":120,"column":6},"end":{"line":142,"column":7}},"type":"if","locations":[{"start":{"line":120,"column":6},"end":{"line":142,"column":7}},{"start":{},"end":{}}]},"18":{"loc":{"start":{"line":138,"column":29},"end":{"line":138,"column":49}},"type":"cond-expr","locations":[{"start":{"line":138,"column":41},"end":{"line":138,"column":45}},{"start":{"line":138,"column":45},"end":{"line":138,"column":49}}]},"19":{"loc":{"start":{"line":138,"column":29},"end":{"line":138,"column":45}},"type":"binary-expr","locations":[{"start":{"line":138,"column":29},"end":{"line":138,"column":45}},{"start":{"line":138,"column":41},"end":{"line":138,"column":45}}]},"20":{"loc":{"start":{"line":138,"column":29},"end":{"line":138,"column":41}},"type":"cond-expr","locations":[{"start":{"line":138,"column":37},"end":{"line":138,"column":39}},{"start":{"line":138,"column":29},"end":{"line":138,"column":41}}]},"21":{"loc":{"start":{"line":138,"column":29},"end":{"line":138,"column":39}},"type":"binary-expr","locations":[{"start":{"line":138,"column":29},"end":{"line":138,"column":39}},{"start":{"line":138,"column":29},"end":{"line":138,"column":39}}]}},"s":{"0":0,"1":0,"2":0,"3":0,"4":0,"5":0,"6":0,"7":0,"8":0,"9":0,"10":0,"11":0,"12":0,"13":0,"14":0,"15":0,"16":0,"17":0,"18":0,"19":0,"20":0,"21":0,"22":0,"23":0,"24":0,"25":0,"26":0,"27":0,"28":0,"29":0,"30":0,"31":0,"32":0,"33":0,"34":0,"35":0,"36":0,"37":0,"38":0,"39":0,"40":0,"41":0,"42":0,"43":0,"44":0,"45":0,"46":0,"47":0,"48":0,"49":0,"50":0,"51":0,"52":0,"53":0,"54":0,"55":0,"56":0,"57":0,"58":0,"59":0,"60":0,"61":0,"62":0,"63":0},"f":{"0":0,"1":0},"b":{"0":[0,0],"1":[0,0],"2":[0,0],"3":[0,0],"4":[0,0],"5":[0,0],"6":[0,0],"7":[0,0],"8":[0,0],"9":[0,0],"10":[0,0],"11":[0,0],"12":[0,0],"13":[0,0],"14":[0,0],"15":[0,0],"16":[0,0],"17":[0,0],"18":[0,0],"19":[0,0],"20":[0,0],"21":[0,0]}}
,"/root/lemma-dev/app/api/assignments/route.ts": {"path":"/root/lemma-dev/app/api/assignments/route.ts","statementMap":{"0":{"start":{"line":5,"column":0},"end":{"line":5,"column":7}},"1":{"start":{"line":29,"column":0},"end":{"line":29,"column":7}},"2":{"start":{"line":1,"column":0},"end":{"line":1,"column":55}},"3":{"start":{"line":2,"column":0},"end":{"line":2,"column":29}},"4":{"start":{"line":3,"column":0},"end":{"line":3,"column":40}},"5":{"start":{"line":6,"column":18},"end":{"line":6,"column":30}},"6":{"start":{"line":7,"column":2},"end":{"line":7,"column":null}},"7":{"start":{"line":7,"column":16},"end":{"line":7,"column":null}},"8":{"start":{"line":9,"column":27},"end":{"line":9,"column":43}},"9":{"start":{"line":11,"column":2},"end":{"line":18,"column":3}},"10":{"start":{"line":12,"column":21},"end":{"line":16,"column":45}},"11":{"start":{"line":17,"column":4},"end":{"line":17,"column":null}},"12":{"start":{"line":21,"column":19},"end":{"line":24,"column":46}},"13":{"start":{"line":26,"column":2},"end":{"line":26,"column":null}},"14":{"start":{"line":30,"column":18},"end":{"line":30,"column":30}},"15":{"start":{"line":31,"column":2},"end":{"line":33,"column":3}},"16":{"start":{"line":32,"column":4},"end":{"line":32,"column":null}},"17":{"start":{"line":35,"column":15},"end":{"line":35,"column":31}},"18":{"start":{"line":36,"column":55},"end":{"line":36,"column":59}},"19":{"start":{"line":38,"column":2},"end":{"line":40,"column":3}},"20":{"start":{"line":39,"column":4},"end":{"line":39,"column":null}},"21":{"start":{"line":42,"column":26},"end":{"line":52,"column":13}},"22":{"start":{"line":54,"column":2},"end":{"line":54,"column":null}},"23":{"start":{"line":54,"column":13},"end":{"line":54,"column":null}},"24":{"start":{"line":55,"column":2},"end":{"line":55,"column":null}}},"fnMap":{"0":{"name":"GET","decl":{"start":{"line":5,"column":22},"end":{"line":5,"column":25}},"loc":{"start":{"line":5,"column":42},"end":{"line":27,"column":1}}},"1":{"name":"POST","decl":{"start":{"line":29,"column":22},"end":{"line":29,"column":26}},"loc":{"start":{"line":29,"column":43},"end":{"line":56,"column":1}}}},"branchMap":{"0":{"loc":{"start":{"line":7,"column":2},"end":{"line":7,"column":null}},"type":"if","locations":[{"start":{"line":7,"column":2},"end":{"line":7,"column":null}},{"start":{},"end":{}}]},"1":{"loc":{"start":{"line":11,"column":2},"end":{"line":18,"column":3}},"type":"if","locations":[{"start":{"line":11,"column":2},"end":{"line":18,"column":3}},{"start":{},"end":{}}]},"2":{"loc":{"start":{"line":17,"column":29},"end":{"line":17,"column":39}},"type":"cond-expr","locations":[{"start":{"line":17,"column":29},"end":{"line":17,"column":33}},{"start":{"line":17,"column":37},"end":{"line":17,"column":39}}]},"3":{"loc":{"start":{"line":17,"column":29},"end":{"line":17,"column":37}},"type":"binary-expr","locations":[{"start":{"line":17,"column":29},"end":{"line":17,"column":37}},{"start":{"line":17,"column":29},"end":{"line":17,"column":37}}]},"4":{"loc":{"start":{"line":26,"column":27},"end":{"line":26,"column":37}},"type":"cond-expr","locations":[{"start":{"line":26,"column":27},"end":{"line":26,"column":31}},{"start":{"line":26,"column":35},"end":{"line":26,"column":37}}]},"5":{"loc":{"start":{"line":26,"column":27},"end":{"line":26,"column":35}},"type":"binary-expr","locations":[{"start":{"line":26,"column":27},"end":{"line":26,"column":35}},{"start":{"line":26,"column":27},"end":{"line":26,"column":35}}]},"6":{"loc":{"start":{"line":31,"column":2},"end":{"line":33,"column":3}},"type":"if","locations":[{"start":{"line":31,"column":2},"end":{"line":33,"column":3}},{"start":{},"end":{}}]},"7":{"loc":{"start":{"line":31,"column":6},"end":{"line":31,"column":47}},"type":"binary-expr","locations":[{"start":{"line":31,"column":6},"end":{"line":31,"column":14}},{"start":{"line":31,"column":18},"end":{"line":31,"column":47}}]},"8":{"loc":{"start":{"line":38,"column":2},"end":{"line":40,"column":3}},"type":"if","locations":[{"start":{"line":38,"column":2},"end":{"line":40,"column":3}},{"start":{},"end":{}}]},"9":{"loc":{"start":{"line":38,"column":6},"end":{"line":38,"column":64}},"type":"binary-expr","locations":[{"start":{"line":38,"column":6},"end":{"line":38,"column":19}},{"start":{"line":38,"column":23},"end":{"line":38,"column":46}},{"start":{"line":38,"column":46},"end":{"line":38,"column":54}},{"start":{"line":38,"column":58},"end":{"line":38,"column":64}}]},"10":{"loc":{"start":{"line":38,"column":24},"end":{"line":38,"column":42}},"type":"cond-expr","locations":[{"start":{"line":38,"column":34},"end":{"line":38,"column":36}},{"start":{"line":38,"column":24},"end":{"line":38,"column":42}}]},"11":{"loc":{"start":{"line":38,"column":24},"end":{"line":38,"column":36}},"type":"binary-expr","locations":[{"start":{"line":38,"column":24},"end":{"line":38,"column":36}},{"start":{"line":38,"column":24},"end":{"line":38,"column":36}}]},"12":{"loc":{"start":{"line":54,"column":2},"end":{"line":54,"column":null}},"type":"if","locations":[{"start":{"line":54,"column":2},"end":{"line":54,"column":null}},{"start":{},"end":{}}]}},"s":{"0":0,"1":0,"2":0,"3":0,"4":0,"5":0,"6":0,"7":0,"8":0,"9":0,"10":0,"11":0,"12":0,"13":0,"14":0,"15":0,"16":0,"17":0,"18":0,"19":0,"20":0,"21":0,"22":0,"23":0,"24":0},"f":{"0":0,"1":0},"b":{"0":[0,0],"1":[0,0],"2":[0,0],"3":[0,0],"4":[0,0],"5":[0,0],"6":[0,0],"7":[0,0],"8":[0,0],"9":[0,0,0,0],"10":[0,0],"11":[0,0],"12":[0,0]}}
,"/root/lemma-dev/app/api/assignments/[id]/route.ts": {"path":"/root/lemma-dev/app/api/assignments/[id]/route.ts","statementMap":{"0":{"start":{"line":5,"column":0},"end":{"line":5,"column":7}},"1":{"start":{"line":1,"column":0},"end":{"line":1,"column":55}},"2":{"start":{"line":2,"column":0},"end":{"line":2,"column":29}},"3":{"start":{"line":3,"column":0},"end":{"line":3,"column":40}},"4":{"start":{"line":9,"column":18},"end":{"line":9,"column":30}},"5":{"start":{"line":10,"column":2},"end":{"line":10,"column":null}},"6":{"start":{"line":10,"column":16},"end":{"line":10,"column":null}},"7":{"start":{"line":12,"column":17},"end":{"line":12,"column":29}},"8":{"start":{"line":14,"column":31},"end":{"line":18,"column":13}},"9":{"start":{"line":20,"column":2},"end":{"line":20,"column":null}},"10":{"start":{"line":20,"column":19},"end":{"line":20,"column":null}},"11":{"start":{"line":23,"column":31},"end":{"line":27,"column":13}},"12":{"start":{"line":29,"column":29},"end":{"line":32,"column":44}},"13":{"start":{"line":35,"column":21},"end":{"line":35,"column":25}},"14":{"start":{"line":36,"column":2},"end":{"line":44,"column":3}},"15":{"start":{"line":37,"column":21},"end":{"line":42,"column":15}},"16":{"start":{"line":43,"column":4},"end":{"line":43,"column":null}},"17":{"start":{"line":46,"column":2},"end":{"line":51,"column":null}}},"fnMap":{"0":{"name":"GET","decl":{"start":{"line":5,"column":22},"end":{"line":5,"column":25}},"loc":{"start":{"line":7,"column":49},"end":{"line":52,"column":1}}}},"branchMap":{"0":{"loc":{"start":{"line":10,"column":2},"end":{"line":10,"column":null}},"type":"if","locations":[{"start":{"line":10,"column":2},"end":{"line":10,"column":null}},{"start":{},"end":{}}]},"1":{"loc":{"start":{"line":20,"column":2},"end":{"line":20,"column":null}},"type":"if","locations":[{"start":{"line":20,"column":2},"end":{"line":20,"column":null}},{"start":{},"end":{}}]},"2":{"loc":{"start":{"line":32,"column":14},"end":{"line":32,"column":43}},"type":"cond-expr","locations":[{"start":{"line":32,"column":37},"end":{"line":32,"column":41}},{"start":{"line":32,"column":41},"end":{"line":32,"column":43}}]},"3":{"loc":{"start":{"line":32,"column":14},"end":{"line":32,"column":41}},"type":"binary-expr","locations":[{"start":{"line":32,"column":14},"end":{"line":32,"column":41}},{"start":{"line":32,"column":37},"end":{"line":32,"column":41}}]},"4":{"loc":{"start":{"line":32,"column":14},"end":{"line":32,"column":37}},"type":"cond-expr","locations":[{"start":{"line":32,"column":24},"end":{"line":32,"column":26}},{"start":{"line":32,"column":14},"end":{"line":32,"column":37}}]},"5":{"loc":{"start":{"line":32,"column":14},"end":{"line":32,"column":26}},"type":"binary-expr","locations":[{"start":{"line":32,"column":14},"end":{"line":32,"column":26}},{"start":{"line":32,"column":14},"end":{"line":32,"column":26}}]},"6":{"loc":{"start":{"line":36,"column":2},"end":{"line":44,"column":3}},"type":"if","locations":[{"start":{"line":36,"column":2},"end":{"line":44,"column":3}},{"start":{},"end":{}}]},"7":{"loc":{"start":{"line":49,"column":14},"end":{"line":49,"column":28}},"type":"cond-expr","locations":[{"start":{"line":49,"column":14},"end":{"line":49,"column":22}},{"start":{"line":49,"column":26},"end":{"line":49,"column":28}}]},"8":{"loc":{"start":{"line":49,"column":14},"end":{"line":49,"column":26}},"type":"binary-expr","locations":[{"start":{"line":49,"column":14},"end":{"line":49,"column":26}},{"start":{"line":49,"column":14},"end":{"line":49,"column":26}}]}},"s":{"0":0,"1":0,"2":0,"3":0,"4":0,"5":0,"6":0,"7":0,"8":0,"9":0,"10":0,"11":0,"12":0,"13":0,"14":0,"15":0,"16":0,"17":0},"f":{"0":0},"b":{"0":[0,0],"1":[0,0],"2":[0,0],"3":[0,0],"4":[0,0],"5":[0,0],"6":[0,0],"7":[0,0],"8":[0,0]}}
,"/root/lemma-dev/app/api/auth/[...nextauth]/route.ts": {"path":"/root/lemma-dev/app/api/auth/[...nextauth]/route.ts","statementMap":{"0":{"start":{"line":1,"column":0},"end":{"line":1,"column":33}},"1":{"start":{"line":3,"column":15},"end":{"line":3,"column":null}}},"fnMap":{},"branchMap":{},"s":{"0":0,"1":0},"f":{},"b":{}}
,"/root/lemma-dev/app/api/dashboard/route.ts": {"path":"/root/lemma-dev/app/api/dashboard/route.ts","statementMap":{"0":{"start":{"line":5,"column":0},"end":{"line":5,"column":7}},"1":{"start":{"line":1,"column":0},"end":{"line":1,"column":42}},"2":{"start":{"line":2,"column":0},"end":{"line":2,"column":29}},"3":{"start":{"line":3,"column":0},"end":{"line":3,"column":40}},"4":{"start":{"line":6,"column":18},"end":{"line":6,"column":30}},"5":{"start":{"line":7,"column":2},"end":{"line":9,"column":3}},"6":{"start":{"line":8,"column":4},"end":{"line":8,"column":null}},"7":{"start":{"line":16,"column":6},"end":{"line":21,"column":4}},"8":{"start":{"line":24,"column":16},"end":{"line":24,"column":26}},"9":{"start":{"line":24,"column":28},"end":{"line":24,"column":null}},"10":{"start":{"line":25,"column":25},"end":{"line":25,"column":99}},"11":{"start":{"line":25,"column":53},"end":{"line":25,"column":86}},"12":{"start":{"line":28,"column":15},"end":{"line":28,"column":94}},"13":{"start":{"line":28,"column":43},"end":{"line":28,"column":87}},"14":{"start":{"line":29,"column":19},"end":{"line":31,"column":7}},"15":{"start":{"line":30,"column":39},"end":{"line":30,"column":56}},"16":{"start":{"line":34,"column":75},"end":{"line":34,"column":77}},"17":{"start":{"line":35,"column":2},"end":{"line":39,"column":3}},"18":{"start":{"line":36,"column":4},"end":{"line":36,"column":null}},"19":{"start":{"line":36,"column":37},"end":{"line":36,"column":null}},"20":{"start":{"line":37,"column":4},"end":{"line":37,"column":null}},"21":{"start":{"line":38,"column":4},"end":{"line":38,"column":null}},"22":{"start":{"line":38,"column":22},"end":{"line":38,"column":null}},"23":{"start":{"line":42,"column":75},"end":{"line":42,"column":77}},"24":{"start":{"line":43,"column":2},"end":{"line":60,"column":3}},"25":{"start":{"line":44,"column":23},"end":{"line":44,"column":78}},"26":{"start":{"line":44,"column":63},"end":{"line":44,"column":75}},"27":{"start":{"line":45,"column":31},"end":{"line":48,"column":27}},"28":{"start":{"line":50,"column":45},"end":{"line":50,"column":47}},"29":{"start":{"line":51,"column":4},"end":{"line":51,"column":null}},"30":{"start":{"line":51,"column":36},"end":{"line":51,"column":null}},"31":{"start":{"line":53,"column":4},"end":{"line":59,"column":5}},"32":{"start":{"line":54,"column":6},"end":{"line":58,"column":7}},"33":{"start":{"line":55,"column":8},"end":{"line":55,"column":null}},"34":{"start":{"line":55,"column":32},"end":{"line":55,"column":null}},"35":{"start":{"line":56,"column":8},"end":{"line":56,"column":null}},"36":{"start":{"line":57,"column":8},"end":{"line":57,"column":null}},"37":{"start":{"line":57,"column":26},"end":{"line":57,"column":null}},"38":{"start":{"line":62,"column":2},"end":{"line":71,"column":null}},"39":{"start":{"line":66,"column":46},"end":{"line":66,"column":97}}},"fnMap":{"0":{"name":"GET","decl":{"start":{"line":5,"column":22},"end":{"line":5,"column":25}},"loc":{"start":{"line":5,"column":25},"end":{"line":72,"column":1}}},"1":{"name":"(anonymous_1)","decl":{"start":{"line":25,"column":48},"end":{"line":25,"column":49}},"loc":{"start":{"line":25,"column":53},"end":{"line":25,"column":86}}},"2":{"name":"(anonymous_2)","decl":{"start":{"line":28,"column":38},"end":{"line":28,"column":39}},"loc":{"start":{"line":28,"column":43},"end":{"line":28,"column":87}}},"3":{"name":"(anonymous_3)","decl":{"start":{"line":30,"column":29},"end":{"line":30,"column":30}},"loc":{"start":{"line":30,"column":39},"end":{"line":30,"column":56}}},"4":{"name":"(anonymous_4)","decl":{"start":{"line":44,"column":58},"end":{"line":44,"column":59}},"loc":{"start":{"line":44,"column":63},"end":{"line":44,"column":75}}},"5":{"name":"(anonymous_5)","decl":{"start":{"line":66,"column":41},"end":{"line":66,"column":42}},"loc":{"start":{"line":66,"column":46},"end":{"line":66,"column":97}}}},"branchMap":{"0":{"loc":{"start":{"line":7,"column":2},"end":{"line":9,"column":3}},"type":"if","locations":[{"start":{"line":7,"column":2},"end":{"line":9,"column":3}},{"start":{},"end":{}}]},"1":{"loc":{"start":{"line":7,"column":6},"end":{"line":7,"column":47}},"type":"binary-expr","locations":[{"start":{"line":7,"column":6},"end":{"line":7,"column":14}},{"start":{"line":7,"column":18},"end":{"line":7,"column":47}}]},"2":{"loc":{"start":{"line":25,"column":25},"end":{"line":25,"column":99}},"type":"cond-expr","locations":[{"start":{"line":25,"column":94},"end":{"line":25,"column":98}},{"start":{"line":25,"column":98},"end":{"line":25,"column":99}}]},"3":{"loc":{"start":{"line":25,"column":25},"end":{"line":25,"column":98}},"type":"binary-expr","locations":[{"start":{"line":25,"column":25},"end":{"line":25,"column":98}},{"start":{"line":25,"column":94},"end":{"line":25,"column":98}}]},"4":{"loc":{"start":{"line":25,"column":25},"end":{"line":25,"column":94}},"type":"cond-expr","locations":[{"start":{"line":25,"column":39},"end":{"line":25,"column":41}},{"start":{"line":25,"column":25},"end":{"line":25,"column":94}}]},"5":{"loc":{"start":{"line":25,"column":25},"end":{"line":25,"column":41}},"type":"binary-expr","locations":[{"start":{"line":25,"column":25},"end":{"line":25,"column":41}},{"start":{"line":25,"column":25},"end":{"line":25,"column":41}}]},"6":{"loc":{"start":{"line":28,"column":15},"end":{"line":28,"column":94}},"type":"cond-expr","locations":[{"start":{"line":28,"column":88},"end":{"line":28,"column":92}},{"start":{"line":28,"column":92},"end":{"line":28,"column":94}}]},"7":{"loc":{"start":{"line":28,"column":15},"end":{"line":28,"column":92}},"type":"binary-expr","locations":[{"start":{"line":28,"column":15},"end":{"line":28,"column":92}},{"start":{"line":28,"column":88},"end":{"line":28,"column":92}}]},"8":{"loc":{"start":{"line":28,"column":15},"end":{"line":28,"column":88}},"type":"cond-expr","locations":[{"start":{"line":28,"column":29},"end":{"line":28,"column":31}},{"start":{"line":28,"column":15},"end":{"line":28,"column":88}}]},"9":{"loc":{"start":{"line":28,"column":15},"end":{"line":28,"column":31}},"type":"binary-expr","locations":[{"start":{"line":28,"column":15},"end":{"line":28,"column":31}},{"start":{"line":28,"column":15},"end":{"line":28,"column":31}}]},"10":{"loc":{"start":{"line":28,"column":43},"end":{"line":28,"column":87}},"type":"binary-expr","locations":[{"start":{"line":28,"column":43},"end":{"line":28,"column":62}},{"start":{"line":28,"column":66},"end":{"line":28,"column":87}}]},"11":{"loc":{"start":{"line":29,"column":19},"end":{"line":31,"column":7}},"type":"cond-expr","locations":[{"start":{"line":30,"column":6},"end":{"line":30,"column":75}},{"start":{"line":31,"column":6},"end":{"line":31,"column":7}}]},"12":{"loc":{"start":{"line":35,"column":18},"end":{"line":35,"column":34}},"type":"cond-expr","locations":[{"start":{"line":35,"column":18},"end":{"line":35,"column":28}},{"start":{"line":35,"column":32},"end":{"line":35,"column":34}}]},"13":{"loc":{"start":{"line":35,"column":18},"end":{"line":35,"column":32}},"type":"binary-expr","locations":[{"start":{"line":35,"column":18},"end":{"line":35,"column":32}},{"start":{"line":35,"column":18},"end":{"line":35,"column":32}}]},"14":{"loc":{"start":{"line":36,"column":4},"end":{"line":36,"column":null}},"type":"if","locations":[{"start":{"line":36,"column":4},"end":{"line":36,"column":null}},{"start":{},"end":{}}]},"15":{"loc":{"start":{"line":38,"column":4},"end":{"line":38,"column":null}},"type":"if","locations":[{"start":{"line":38,"column":4},"end":{"line":38,"column":null}},{"start":{},"end":{}}]},"16":{"loc":{"start":{"line":43,"column":2},"end":{"line":60,"column":3}},"type":"if","locations":[{"start":{"line":43,"column":2},"end":{"line":60,"column":3}},{"start":{},"end":{}}]},"17":{"loc":{"start":{"line":43,"column":7},"end":{"line":43,"column":23}},"type":"cond-expr","locations":[{"start":{"line":43,"column":7},"end":{"line":43,"column":17}},{"start":{"line":43,"column":21},"end":{"line":43,"column":23}}]},"18":{"loc":{"start":{"line":43,"column":7},"end":{"line":43,"column":21}},"type":"binary-expr","locations":[{"start":{"line":43,"column":7},"end":{"line":43,"column":21}},{"start":{"line":43,"column":7},"end":{"line":43,"column":21}}]},"19":{"loc":{"start":{"line":44,"column":36},"end":{"line":44,"column":52}},"type":"cond-expr","locations":[{"start":{"line":44,"column":36},"end":{"line":44,"column":46}},{"start":{"line":44,"column":50},"end":{"line":44,"column":52}}]},"20":{"loc":{"start":{"line":44,"column":36},"end":{"line":44,"column":50}},"type":"binary-expr","locations":[{"start":{"line":44,"column":36},"end":{"line":44,"column":50}},{"start":{"line":44,"column":36},"end":{"line":44,"column":50}}]},"21":{"loc":{"start":{"line":51,"column":20},"end":{"line":51,"column":34}},"type":"cond-expr","locations":[{"start":{"line":51,"column":20},"end":{"line":51,"column":28}},{"start":{"line":51,"column":32},"end":{"line":51,"column":34}}]},"22":{"loc":{"start":{"line":51,"column":20},"end":{"line":51,"column":32}},"type":"binary-expr","locations":[{"start":{"line":51,"column":20},"end":{"line":51,"column":32}},{"start":{"line":51,"column":20},"end":{"line":51,"column":32}}]},"23":{"loc":{"start":{"line":53,"column":20},"end":{"line":53,"column":36}},"type":"cond-expr","locations":[{"start":{"line":53,"column":20},"end":{"line":53,"column":30}},{"start":{"line":53,"column":34},"end":{"line":53,"column":36}}]},"24":{"loc":{"start":{"line":53,"column":20},"end":{"line":53,"column":34}},"type":"binary-expr","locations":[{"start":{"line":53,"column":20},"end":{"line":53,"column":34}},{"start":{"line":53,"column":20},"end":{"line":53,"column":34}}]},"25":{"loc":{"start":{"line":54,"column":24},"end":{"line":54,"column":50}},"type":"cond-expr","locations":[{"start":{"line":54,"column":44},"end":{"line":54,"column":48}},{"start":{"line":54,"column":48},"end":{"line":54,"column":50}}]},"26":{"loc":{"start":{"line":54,"column":24},"end":{"line":54,"column":48}},"type":"binary-expr","locations":[{"start":{"line":54,"column":24},"end":{"line":54,"column":48}},{"start":{"line":54,"column":44},"end":{"line":54,"column":48}}]},"27":{"loc":{"start":{"line":55,"column":8},"end":{"line":55,"column":null}},"type":"if","locations":[{"start":{"line":55,"column":8},"end":{"line":55,"column":null}},{"start":{},"end":{}}]},"28":{"loc":{"start":{"line":57,"column":8},"end":{"line":57,"column":null}},"type":"if","locations":[{"start":{"line":57,"column":8},"end":{"line":57,"column":null}},{"start":{},"end":{}}]},"29":{"loc":{"start":{"line":63,"column":19},"end":{"line":63,"column":37}},"type":"cond-expr","locations":[{"start":{"line":63,"column":19},"end":{"line":63,"column":32}},{"start":{"line":63,"column":36},"end":{"line":63,"column":37}}]},"30":{"loc":{"start":{"line":63,"column":19},"end":{"line":63,"column":36}},"type":"binary-expr","locations":[{"start":{"line":63,"column":19},"end":{"line":63,"column":36}},{"start":{"line":63,"column":19},"end":{"line":63,"column":36}}]},"31":{"loc":{"start":{"line":66,"column":18},"end":{"line":66,"column":110}},"type":"cond-expr","locations":[{"start":{"line":66,"column":105},"end":{"line":66,"column":109}},{"start":{"line":66,"column":109},"end":{"line":66,"column":110}}]},"32":{"loc":{"start":{"line":66,"column":18},"end":{"line":66,"column":109}},"type":"binary-expr","locations":[{"start":{"line":66,"column":18},"end":{"line":66,"column":109}},{"start":{"line":66,"column":105},"end":{"line":66,"column":109}}]},"33":{"loc":{"start":{"line":66,"column":18},"end":{"line":66,"column":105}},"type":"cond-expr","locations":[{"start":{"line":66,"column":32},"end":{"line":66,"column":34}},{"start":{"line":66,"column":18},"end":{"line":66,"column":105}}]},"34":{"loc":{"start":{"line":66,"column":18},"end":{"line":66,"column":34}},"type":"binary-expr","locations":[{"start":{"line":66,"column":18},"end":{"line":66,"column":34}},{"start":{"line":66,"column":18},"end":{"line":66,"column":34}}]},"35":{"loc":{"start":{"line":66,"column":46},"end":{"line":66,"column":97}},"type":"binary-expr","locations":[{"start":{"line":66,"column":46},"end":{"line":66,"column":68}},{"start":{"line":66,"column":72},"end":{"line":66,"column":97}}]},"36":{"loc":{"start":{"line":67,"column":23},"end":{"line":67,"column":46}},"type":"cond-expr","locations":[{"start":{"line":67,"column":23},"end":{"line":67,"column":40}},{"start":{"line":67,"column":44},"end":{"line":67,"column":46}}]},"37":{"loc":{"start":{"line":67,"column":23},"end":{"line":67,"column":44}},"type":"binary-expr","locations":[{"start":{"line":67,"column":23},"end":{"line":67,"column":44}},{"start":{"line":67,"column":23},"end":{"line":67,"column":44}}]},"38":{"loc":{"start":{"line":68,"column":17},"end":{"line":68,"column":37}},"type":"cond-expr","locations":[{"start":{"line":68,"column":17},"end":{"line":68,"column":31}},{"start":{"line":68,"column":35},"end":{"line":68,"column":37}}]},"39":{"loc":{"start":{"line":68,"column":17},"end":{"line":68,"column":35}},"type":"binary-expr","locations":[{"start":{"line":68,"column":17},"end":{"line":68,"column":35}},{"start":{"line":68,"column":17},"end":{"line":68,"column":35}}]}},"s":{"0":0,"1":0,"2":0,"3":0,"4":0,"5":0,"6":0,"7":0,"8":0,"9":0,"10":0,"11":0,"12":0,"13":0,"14":0,"15":0,"16":0,"17":0,"18":0,"19":0,"20":0,"21":0,"22":0,"23":0,"24":0,"25":0,"26":0,"27":0,"28":0,"29":0,"30":0,"31":0,"32":0,"33":0,"34":0,"35":0,"36":0,"37":0,"38":0,"39":0},"f":{"0":0,"1":0,"2":0,"3":0,"4":0,"5":0},"b":{"0":[0,0],"1":[0,0],"2":[0,0],"3":[0,0],"4":[0,0],"5":[0,0],"6":[0,0],"7":[0,0],"8":[0,0],"9":[0,0],"10":[0,0],"11":[0,0],"12":[0,0],"13":[0,0],"14":[0,0],"15":[0,0],"16":[0,0],"17":[0,0],"18":[0,0],"19":[0,0],"20":[0,0],"21":[0,0],"22":[0,0],"23":[0,0],"24":[0,0],"25":[0,0],"26":[0,0],"27":[0,0],"28":[0,0],"29":[0,0],"30":[0,0],"31":[0,0],"32":[0,0],"33":[0,0],"34":[0,0],"35":[0,0],"36":[0,0],"37":[0,0],"38":[0,0],"39":[0,0]}}
,"/root/lemma-dev/app/api/problem-sets/route.ts": {"path":"/root/lemma-dev/app/api/problem-sets/route.ts","statementMap":{"0":{"start":{"line":5,"column":0},"end":{"line":5,"column":7}},"1":{"start":{"line":19,"column":0},"end":{"line":19,"column":7}},"2":{"start":{"line":1,"column":0},"end":{"line":1,"column":55}},"3":{"start":{"line":2,"column":0},"end":{"line":2,"column":29}},"4":{"start":{"line":3,"column":0},"end":{"line":3,"column":40}},"5":{"start":{"line":6,"column":18},"end":{"line":6,"column":30}},"6":{"start":{"line":7,"column":2},"end":{"line":9,"column":3}},"7":{"start":{"line":8,"column":4},"end":{"line":8,"column":null}},"8":{"start":{"line":11,"column":19},"end":{"line":14,"column":46}},"9":{"start":{"line":16,"column":2},"end":{"line":16,"column":null}},"10":{"start":{"line":20,"column":18},"end":{"line":20,"column":30}},"11":{"start":{"line":21,"column":2},"end":{"line":23,"column":3}},"12":{"start":{"line":22,"column":4},"end":{"line":22,"column":null}},"13":{"start":{"line":25,"column":31},"end":{"line":25,"column":47}},"14":{"start":{"line":26,"column":2},"end":{"line":28,"column":3}},"15":{"start":{"line":27,"column":4},"end":{"line":27,"column":null}},"16":{"start":{"line":30,"column":26},"end":{"line":34,"column":13}},"17":{"start":{"line":36,"column":2},"end":{"line":36,"column":null}},"18":{"start":{"line":36,"column":13},"end":{"line":36,"column":null}},"19":{"start":{"line":37,"column":2},"end":{"line":37,"column":null}}},"fnMap":{"0":{"name":"GET","decl":{"start":{"line":5,"column":22},"end":{"line":5,"column":25}},"loc":{"start":{"line":5,"column":25},"end":{"line":17,"column":1}}},"1":{"name":"POST","decl":{"start":{"line":19,"column":22},"end":{"line":19,"column":26}},"loc":{"start":{"line":19,"column":43},"end":{"line":38,"column":1}}}},"branchMap":{"0":{"loc":{"start":{"line":7,"column":2},"end":{"line":9,"column":3}},"type":"if","locations":[{"start":{"line":7,"column":2},"end":{"line":9,"column":3}},{"start":{},"end":{}}]},"1":{"loc":{"start":{"line":7,"column":6},"end":{"line":7,"column":47}},"type":"binary-expr","locations":[{"start":{"line":7,"column":6},"end":{"line":7,"column":14}},{"start":{"line":7,"column":18},"end":{"line":7,"column":47}}]},"2":{"loc":{"start":{"line":16,"column":27},"end":{"line":16,"column":37}},"type":"cond-expr","locations":[{"start":{"line":16,"column":27},"end":{"line":16,"column":31}},{"start":{"line":16,"column":35},"end":{"line":16,"column":37}}]},"3":{"loc":{"start":{"line":16,"column":27},"end":{"line":16,"column":35}},"type":"binary-expr","locations":[{"start":{"line":16,"column":27},"end":{"line":16,"column":35}},{"start":{"line":16,"column":27},"end":{"line":16,"column":35}}]},"4":{"loc":{"start":{"line":21,"column":2},"end":{"line":23,"column":3}},"type":"if","locations":[{"start":{"line":21,"column":2},"end":{"line":23,"column":3}},{"start":{},"end":{}}]},"5":{"loc":{"start":{"line":21,"column":6},"end":{"line":21,"column":47}},"type":"binary-expr","locations":[{"start":{"line":21,"column":6},"end":{"line":21,"column":14}},{"start":{"line":21,"column":18},"end":{"line":21,"column":47}}]},"6":{"loc":{"start":{"line":26,"column":2},"end":{"line":28,"column":3}},"type":"if","locations":[{"start":{"line":26,"column":2},"end":{"line":28,"column":3}},{"start":{},"end":{}}]},"7":{"loc":{"start":{"line":26,"column":6},"end":{"line":26,"column":36}},"type":"binary-expr","locations":[{"start":{"line":26,"column":6},"end":{"line":26,"column":11}},{"start":{"line":26,"column":15},"end":{"line":26,"column":36}}]},"8":{"loc":{"start":{"line":26,"column":16},"end":{"line":26,"column":34}},"type":"cond-expr","locations":[{"start":{"line":26,"column":26},"end":{"line":26,"column":28}},{"start":{"line":26,"column":16},"end":{"line":26,"column":34}}]},"9":{"loc":{"start":{"line":26,"column":16},"end":{"line":26,"column":28}},"type":"binary-expr","locations":[{"start":{"line":26,"column":16},"end":{"line":26,"column":28}},{"start":{"line":26,"column":16},"end":{"line":26,"column":28}}]},"10":{"loc":{"start":{"line":36,"column":2},"end":{"line":36,"column":null}},"type":"if","locations":[{"start":{"line":36,"column":2},"end":{"line":36,"column":null}},{"start":{},"end":{}}]}},"s":{"0":0,"1":0,"2":0,"3":0,"4":0,"5":0,"6":0,"7":0,"8":0,"9":0,"10":0,"11":0,"12":0,"13":0,"14":0,"15":0,"16":0,"17":0,"18":0,"19":0},"f":{"0":0,"1":0},"b":{"0":[0,0],"1":[0,0],"2":[0,0],"3":[0,0],"4":[0,0],"5":[0,0],"6":[0,0],"7":[0,0],"8":[0,0],"9":[0,0],"10":[0,0]}}
,"/root/lemma-dev/app/api/problems/route.ts": {"path":"/root/lemma-dev/app/api/problems/route.ts","statementMap":{"0":{"start":{"line":5,"column":0},"end":{"line":5,"column":7}},"1":{"start":{"line":19,"column":0},"end":{"line":19,"column":7}},"2":{"start":{"line":1,"column":0},"end":{"line":1,"column":55}},"3":{"start":{"line":2,"column":0},"end":{"line":2,"column":29}},"4":{"start":{"line":3,"column":0},"end":{"line":3,"column":40}},"5":{"start":{"line":6,"column":18},"end":{"line":6,"column":30}},"6":{"start":{"line":7,"column":2},"end":{"line":9,"column":3}},"7":{"start":{"line":8,"column":4},"end":{"line":8,"column":null}},"8":{"start":{"line":11,"column":19},"end":{"line":14,"column":46}},"9":{"start":{"line":16,"column":2},"end":{"line":16,"column":null}},"10":{"start":{"line":20,"column":18},"end":{"line":20,"column":30}},"11":{"start":{"line":21,"column":2},"end":{"line":23,"column":3}},"12":{"start":{"line":22,"column":4},"end":{"line":22,"column":null}},"13":{"start":{"line":25,"column":15},"end":{"line":25,"column":31}},"14":{"start":{"line":26,"column":75},"end":{"line":26,"column":79}},"15":{"start":{"line":28,"column":2},"end":{"line":30,"column":3}},"16":{"start":{"line":29,"column":4},"end":{"line":29,"column":null}},"17":{"start":{"line":32,"column":26},"end":{"line":44,"column":13}},"18":{"start":{"line":46,"column":2},"end":{"line":46,"column":null}},"19":{"start":{"line":46,"column":13},"end":{"line":46,"column":null}},"20":{"start":{"line":47,"column":2},"end":{"line":47,"column":null}}},"fnMap":{"0":{"name":"GET","decl":{"start":{"line":5,"column":22},"end":{"line":5,"column":25}},"loc":{"start":{"line":5,"column":25},"end":{"line":17,"column":1}}},"1":{"name":"POST","decl":{"start":{"line":19,"column":22},"end":{"line":19,"column":26}},"loc":{"start":{"line":19,"column":43},"end":{"line":48,"column":1}}}},"branchMap":{"0":{"loc":{"start":{"line":7,"column":2},"end":{"line":9,"column":3}},"type":"if","locations":[{"start":{"line":7,"column":2},"end":{"line":9,"column":3}},{"start":{},"end":{}}]},"1":{"loc":{"start":{"line":7,"column":6},"end":{"line":7,"column":47}},"type":"binary-expr","locations":[{"start":{"line":7,"column":6},"end":{"line":7,"column":14}},{"start":{"line":7,"column":18},"end":{"line":7,"column":47}}]},"2":{"loc":{"start":{"line":16,"column":27},"end":{"line":16,"column":37}},"type":"cond-expr","locations":[{"start":{"line":16,"column":27},"end":{"line":16,"column":31}},{"start":{"line":16,"column":35},"end":{"line":16,"column":37}}]},"3":{"loc":{"start":{"line":16,"column":27},"end":{"line":16,"column":35}},"type":"binary-expr","locations":[{"start":{"line":16,"column":27},"end":{"line":16,"column":35}},{"start":{"line":16,"column":27},"end":{"line":16,"column":35}}]},"4":{"loc":{"start":{"line":21,"column":2},"end":{"line":23,"column":3}},"type":"if","locations":[{"start":{"line":21,"column":2},"end":{"line":23,"column":3}},{"start":{},"end":{}}]},"5":{"loc":{"start":{"line":21,"column":6},"end":{"line":21,"column":47}},"type":"binary-expr","locations":[{"start":{"line":21,"column":6},"end":{"line":21,"column":14}},{"start":{"line":21,"column":18},"end":{"line":21,"column":47}}]},"6":{"loc":{"start":{"line":28,"column":2},"end":{"line":30,"column":3}},"type":"if","locations":[{"start":{"line":28,"column":2},"end":{"line":30,"column":3}},{"start":{},"end":{}}]},"7":{"loc":{"start":{"line":28,"column":6},"end":{"line":28,"column":39}},"type":"binary-expr","locations":[{"start":{"line":28,"column":6},"end":{"line":28,"column":12}},{"start":{"line":28,"column":16},"end":{"line":28,"column":28}},{"start":{"line":28,"column":32},"end":{"line":28,"column":39}}]},"8":{"loc":{"start":{"line":38,"column":16},"end":{"line":38,"column":32}},"type":"cond-expr","locations":[{"start":{"line":38,"column":16},"end":{"line":38,"column":24}},{"start":{"line":38,"column":28},"end":{"line":38,"column":32}}]},"9":{"loc":{"start":{"line":38,"column":16},"end":{"line":38,"column":28}},"type":"binary-expr","locations":[{"start":{"line":38,"column":16},"end":{"line":38,"column":28}},{"start":{"line":38,"column":16},"end":{"line":38,"column":28}}]},"10":{"loc":{"start":{"line":39,"column":20},"end":{"line":39,"column":37}},"type":"cond-expr","locations":[{"start":{"line":39,"column":20},"end":{"line":39,"column":31}},{"start":{"line":39,"column":35},"end":{"line":39,"column":37}}]},"11":{"loc":{"start":{"line":39,"column":20},"end":{"line":39,"column":35}},"type":"binary-expr","locations":[{"start":{"line":39,"column":20},"end":{"line":39,"column":35}},{"start":{"line":39,"column":20},"end":{"line":39,"column":35}}]},"12":{"loc":{"start":{"line":40,"column":18},"end":{"line":40,"column":35}},"type":"cond-expr","locations":[{"start":{"line":40,"column":18},"end":{"line":40,"column":27}},{"start":{"line":40,"column":31},"end":{"line":40,"column":35}}]},"13":{"loc":{"start":{"line":40,"column":18},"end":{"line":40,"column":31}},"type":"binary-expr","locations":[{"start":{"line":40,"column":18},"end":{"line":40,"column":31}},{"start":{"line":40,"column":18},"end":{"line":40,"column":31}}]},"14":{"loc":{"start":{"line":46,"column":2},"end":{"line":46,"column":null}},"type":"if","locations":[{"start":{"line":46,"column":2},"end":{"line":46,"column":null}},{"start":{},"end":{}}]}},"s":{"0":0,"1":0,"2":0,"3":0,"4":0,"5":0,"6":0,"7":0,"8":0,"9":0,"10":0,"11":0,"12":0,"13":0,"14":0,"15":0,"16":0,"17":0,"18":0,"19":0,"20":0},"f":{"0":0,"1":0},"b":{"0":[0,0],"1":[0,0],"2":[0,0],"3":[0,0],"4":[0,0],"5":[0,0],"6":[0,0],"7":[0,0,0],"8":[0,0],"9":[0,0],"10":[0,0],"11":[0,0],"12":[0,0],"13":[0,0],"14":[0,0]}}
,"/root/lemma-dev/app/api/students/route.ts": {"path":"/root/lemma-dev/app/api/students/route.ts","statementMap":{"0":{"start":{"line":6,"column":0},"end":{"line":6,"column":7}},"1":{"start":{"line":21,"column":0},"end":{"line":21,"column":7}},"2":{"start":{"line":1,"column":0},"end":{"line":1,"column":55}},"3":{"start":{"line":2,"column":0},"end":{"line":2,"column":29}},"4":{"start":{"line":3,"column":0},"end":{"line":3,"column":40}},"5":{"start":{"line":4,"column":0},"end":{"line":4,"column":29}},"6":{"start":{"line":7,"column":18},"end":{"line":7,"column":30}},"7":{"start":{"line":8,"column":2},"end":{"line":10,"column":3}},"8":{"start":{"line":9,"column":4},"end":{"line":9,"column":null}},"9":{"start":{"line":12,"column":19},"end":{"line":16,"column":18}},"10":{"start":{"line":18,"column":2},"end":{"line":18,"column":null}},"11":{"start":{"line":22,"column":18},"end":{"line":22,"column":30}},"12":{"start":{"line":23,"column":2},"end":{"line":25,"column":3}},"13":{"start":{"line":24,"column":4},"end":{"line":24,"column":null}},"14":{"start":{"line":27,"column":24},"end":{"line":27,"column":40}},"15":{"start":{"line":29,"column":2},"end":{"line":31,"column":3}},"16":{"start":{"line":30,"column":4},"end":{"line":30,"column":null}},"17":{"start":{"line":34,"column":29},"end":{"line":38,"column":13}},"18":{"start":{"line":40,"column":2},"end":{"line":42,"column":3}},"19":{"start":{"line":41,"column":4},"end":{"line":41,"column":null}},"20":{"start":{"line":44,"column":18},"end":{"line":44,"column":44}},"21":{"start":{"line":46,"column":26},"end":{"line":50,"column":13}},"22":{"start":{"line":52,"column":2},"end":{"line":52,"column":null}},"23":{"start":{"line":52,"column":13},"end":{"line":52,"column":null}},"24":{"start":{"line":53,"column":2},"end":{"line":53,"column":null}}},"fnMap":{"0":{"name":"GET","decl":{"start":{"line":6,"column":22},"end":{"line":6,"column":25}},"loc":{"start":{"line":6,"column":25},"end":{"line":19,"column":1}}},"1":{"name":"POST","decl":{"start":{"line":21,"column":22},"end":{"line":21,"column":26}},"loc":{"start":{"line":21,"column":43},"end":{"line":54,"column":1}}}},"branchMap":{"0":{"loc":{"start":{"line":8,"column":2},"end":{"line":10,"column":3}},"type":"if","locations":[{"start":{"line":8,"column":2},"end":{"line":10,"column":3}},{"start":{},"end":{}}]},"1":{"loc":{"start":{"line":8,"column":6},"end":{"line":8,"column":47}},"type":"binary-expr","locations":[{"start":{"line":8,"column":6},"end":{"line":8,"column":14}},{"start":{"line":8,"column":18},"end":{"line":8,"column":47}}]},"2":{"loc":{"start":{"line":18,"column":27},"end":{"line":18,"column":37}},"type":"cond-expr","locations":[{"start":{"line":18,"column":27},"end":{"line":18,"column":31}},{"start":{"line":18,"column":35},"end":{"line":18,"column":37}}]},"3":{"loc":{"start":{"line":18,"column":27},"end":{"line":18,"column":35}},"type":"binary-expr","locations":[{"start":{"line":18,"column":27},"end":{"line":18,"column":35}},{"start":{"line":18,"column":27},"end":{"line":18,"column":35}}]},"4":{"loc":{"start":{"line":23,"column":2},"end":{"line":25,"column":3}},"type":"if","locations":[{"start":{"line":23,"column":2},"end":{"line":25,"column":3}},{"start":{},"end":{}}]},"5":{"loc":{"start":{"line":23,"column":6},"end":{"line":23,"column":47}},"type":"binary-expr","locations":[{"start":{"line":23,"column":6},"end":{"line":23,"column":14}},{"start":{"line":23,"column":18},"end":{"line":23,"column":47}}]},"6":{"loc":{"start":{"line":29,"column":2},"end":{"line":31,"column":3}},"type":"if","locations":[{"start":{"line":29,"column":2},"end":{"line":31,"column":3}},{"start":{},"end":{}}]},"7":{"loc":{"start":{"line":29,"column":6},"end":{"line":29,"column":51}},"type":"binary-expr","locations":[{"start":{"line":29,"column":6},"end":{"line":29,"column":23}},{"start":{"line":29,"column":23},"end":{"line":29,"column":27}},{"start":{"line":29,"column":31},"end":{"line":29,"column":51}}]},"8":{"loc":{"start":{"line":29,"column":7},"end":{"line":29,"column":19}},"type":"cond-expr","locations":[{"start":{"line":29,"column":11},"end":{"line":29,"column":13}},{"start":{"line":29,"column":7},"end":{"line":29,"column":19}}]},"9":{"loc":{"start":{"line":29,"column":7},"end":{"line":29,"column":13}},"type":"binary-expr","locations":[{"start":{"line":29,"column":7},"end":{"line":29,"column":13}},{"start":{"line":29,"column":7},"end":{"line":29,"column":13}}]},"10":{"loc":{"start":{"line":40,"column":2},"end":{"line":42,"column":3}},"type":"if","locations":[{"start":{"line":40,"column":2},"end":{"line":42,"column":3}},{"start":{},"end":{}}]},"11":{"loc":{"start":{"line":52,"column":2},"end":{"line":52,"column":null}},"type":"if","locations":[{"start":{"line":52,"column":2},"end":{"line":52,"column":null}},{"start":{},"end":{}}]}},"s":{"0":0,"1":0,"2":0,"3":0,"4":0,"5":0,"6":0,"7":0,"8":0,"9":0,"10":0,"11":0,"12":0,"13":0,"14":0,"15":0,"16":0,"17":0,"18":0,"19":0,"20":0,"21":0,"22":0,"23":0,"24":0},"f":{"0":0,"1":0},"b":{"0":[0,0],"1":[0,0],"2":[0,0],"3":[0,0],"4":[0,0],"5":[0,0],"6":[0,0],"7":[0,0,0],"8":[0,0],"9":[0,0],"10":[0,0],"11":[0,0]}}
,"/root/lemma-dev/app/api/students/[id]/route.ts": {"path":"/root/lemma-dev/app/api/students/[id]/route.ts","statementMap":{"0":{"start":{"line":5,"column":0},"end":{"line":5,"column":7}},"1":{"start":{"line":66,"column":0},"end":{"line":66,"column":7}},"2":{"start":{"line":1,"column":0},"end":{"line":1,"column":55}},"3":{"start":{"line":2,"column":0},"end":{"line":2,"column":29}},"4":{"start":{"line":3,"column":0},"end":{"line":3,"column":40}},"5":{"start":{"line":9,"column":18},"end":{"line":9,"column":30}},"6":{"start":{"line":10,"column":2},"end":{"line":12,"column":3}},"7":{"start":{"line":11,"column":4},"end":{"line":11,"column":null}},"8":{"start":{"line":14,"column":17},"end":{"line":14,"column":29}},"9":{"start":{"line":20,"column":6},"end":{"line":35,"column":4}},"10":{"start":{"line":33,"column":99},"end":{"line":33,"column":103}},"11":{"start":{"line":37,"column":2},"end":{"line":37,"column":null}},"12":{"start":{"line":37,"column":16},"end":{"line":37,"column":null}},"13":{"start":{"line":40,"column":23},"end":{"line":44,"column":11}},"14":{"start":{"line":40,"column":45},"end":{"line":44,"column":5}},"15":{"start":{"line":47,"column":73},"end":{"line":47,"column":75}},"16":{"start":{"line":48,"column":2},"end":{"line":54,"column":3}},"17":{"start":{"line":49,"column":4},"end":{"line":53,"column":5}},"18":{"start":{"line":50,"column":6},"end":{"line":50,"column":null}},"19":{"start":{"line":50,"column":28},"end":{"line":50,"column":null}},"20":{"start":{"line":51,"column":6},"end":{"line":51,"column":null}},"21":{"start":{"line":52,"column":6},"end":{"line":52,"column":null}},"22":{"start":{"line":52,"column":24},"end":{"line":52,"column":null}},"23":{"start":{"line":56,"column":23},"end":{"line":61,"column":37}},"24":{"start":{"line":56,"column":86},"end":{"line":61,"column":4}},"25":{"start":{"line":61,"column":21},"end":{"line":61,"column":36}},"26":{"start":{"line":63,"column":2},"end":{"line":63,"column":null}},"27":{"start":{"line":70,"column":18},"end":{"line":70,"column":30}},"28":{"start":{"line":71,"column":2},"end":{"line":73,"column":3}},"29":{"start":{"line":72,"column":4},"end":{"line":72,"column":null}},"30":{"start":{"line":75,"column":17},"end":{"line":75,"column":29}},"31":{"start":{"line":76,"column":2},"end":{"line":76,"column":null}},"32":{"start":{"line":77,"column":2},"end":{"line":77,"column":null}}},"fnMap":{"0":{"name":"GET","decl":{"start":{"line":5,"column":22},"end":{"line":5,"column":25}},"loc":{"start":{"line":7,"column":49},"end":{"line":64,"column":1}}},"1":{"name":"(anonymous_1)","decl":{"start":{"line":33,"column":94},"end":{"line":33,"column":95}},"loc":{"start":{"line":33,"column":99},"end":{"line":33,"column":103}}},"2":{"name":"(anonymous_2)","decl":{"start":{"line":40,"column":40},"end":{"line":40,"column":41}},"loc":{"start":{"line":40,"column":44},"end":{"line":44,"column":5}}},"3":{"name":"(anonymous_3)","decl":{"start":{"line":56,"column":54},"end":{"line":56,"column":55}},"loc":{"start":{"line":56,"column":86},"end":{"line":61,"column":4}}},"4":{"name":"(anonymous_4)","decl":{"start":{"line":61,"column":11},"end":{"line":61,"column":12}},"loc":{"start":{"line":61,"column":21},"end":{"line":61,"column":36}}},"5":{"name":"DELETE","decl":{"start":{"line":66,"column":22},"end":{"line":66,"column":28}},"loc":{"start":{"line":68,"column":49},"end":{"line":78,"column":1}}}},"branchMap":{"0":{"loc":{"start":{"line":10,"column":2},"end":{"line":12,"column":3}},"type":"if","locations":[{"start":{"line":10,"column":2},"end":{"line":12,"column":3}},{"start":{},"end":{}}]},"1":{"loc":{"start":{"line":10,"column":6},"end":{"line":10,"column":47}},"type":"binary-expr","locations":[{"start":{"line":10,"column":6},"end":{"line":10,"column":14}},{"start":{"line":10,"column":18},"end":{"line":10,"column":47}}]},"2":{"loc":{"start":{"line":33,"column":8},"end":{"line":33,"column":110}},"type":"cond-expr","locations":[{"start":{"line":33,"column":104},"end":{"line":33,"column":108}},{"start":{"line":33,"column":108},"end":{"line":33,"column":110}}]},"3":{"loc":{"start":{"line":33,"column":8},"end":{"line":33,"column":108}},"type":"binary-expr","locations":[{"start":{"line":33,"column":8},"end":{"line":33,"column":108}},{"start":{"line":33,"column":104},"end":{"line":33,"column":108}}]},"4":{"loc":{"start":{"line":33,"column":8},"end":{"line":33,"column":104}},"type":"cond-expr","locations":[{"start":{"line":33,"column":88},"end":{"line":33,"column":90}},{"start":{"line":33,"column":88},"end":{"line":33,"column":104}}]},"5":{"loc":{"start":{"line":33,"column":8},"end":{"line":33,"column":90}},"type":"binary-expr","locations":[{"start":{"line":33,"column":8},"end":{"line":33,"column":90}},{"start":{"line":33,"column":88},"end":{"line":33,"column":90}}]},"6":{"loc":{"start":{"line":37,"column":2},"end":{"line":37,"column":null}},"type":"if","locations":[{"start":{"line":37,"column":2},"end":{"line":37,"column":null}},{"start":{},"end":{}}]},"7":{"loc":{"start":{"line":40,"column":23},"end":{"line":44,"column":11}},"type":"cond-expr","locations":[{"start":{"line":44,"column":5},"end":{"line":44,"column":9}},{"start":{"line":44,"column":9},"end":{"line":44,"column":11}}]},"8":{"loc":{"start":{"line":40,"column":23},"end":{"line":44,"column":9}},"type":"binary-expr","locations":[{"start":{"line":40,"column":23},"end":{"line":44,"column":9}},{"start":{"line":44,"column":5},"end":{"line":44,"column":9}}]},"9":{"loc":{"start":{"line":40,"column":23},"end":{"line":44,"column":5}},"type":"cond-expr","locations":[{"start":{"line":40,"column":34},"end":{"line":40,"column":36}},{"start":{"line":40,"column":23},"end":{"line":44,"column":5}}]},"10":{"loc":{"start":{"line":40,"column":23},"end":{"line":40,"column":36}},"type":"binary-expr","locations":[{"start":{"line":40,"column":23},"end":{"line":40,"column":36}},{"start":{"line":40,"column":23},"end":{"line":40,"column":36}}]},"11":{"loc":{"start":{"line":42,"column":11},"end":{"line":42,"column":36}},"type":"cond-expr","locations":[{"start":{"line":42,"column":30},"end":{"line":42,"column":34}},{"start":{"line":42,"column":34},"end":{"line":42,"column":36}}]},"12":{"loc":{"start":{"line":42,"column":11},"end":{"line":42,"column":34}},"type":"binary-expr","locations":[{"start":{"line":42,"column":11},"end":{"line":42,"column":34}},{"start":{"line":42,"column":30},"end":{"line":42,"column":34}}]},"13":{"loc":{"start":{"line":42,"column":11},"end":{"line":42,"column":30}},"type":"cond-expr","locations":[{"start":{"line":42,"column":23},"end":{"line":42,"column":25}},{"start":{"line":42,"column":23},"end":{"line":42,"column":30}}]},"14":{"loc":{"start":{"line":42,"column":11},"end":{"line":42,"column":25}},"type":"binary-expr","locations":[{"start":{"line":42,"column":11},"end":{"line":42,"column":25}},{"start":{"line":42,"column":23},"end":{"line":42,"column":25}}]},"15":{"loc":{"start":{"line":48,"column":18},"end":{"line":48,"column":31}},"type":"cond-expr","locations":[{"start":{"line":48,"column":18},"end":{"line":48,"column":25}},{"start":{"line":48,"column":29},"end":{"line":48,"column":31}}]},"16":{"loc":{"start":{"line":48,"column":18},"end":{"line":48,"column":29}},"type":"binary-expr","locations":[{"start":{"line":48,"column":18},"end":{"line":48,"column":29}},{"start":{"line":48,"column":18},"end":{"line":48,"column":29}}]},"17":{"loc":{"start":{"line":49,"column":22},"end":{"line":49,"column":103}},"type":"cond-expr","locations":[{"start":{"line":49,"column":97},"end":{"line":49,"column":101}},{"start":{"line":49,"column":101},"end":{"line":49,"column":103}}]},"18":{"loc":{"start":{"line":49,"column":22},"end":{"line":49,"column":101}},"type":"binary-expr","locations":[{"start":{"line":49,"column":22},"end":{"line":49,"column":101}},{"start":{"line":49,"column":97},"end":{"line":49,"column":101}}]},"19":{"loc":{"start":{"line":49,"column":22},"end":{"line":49,"column":97}},"type":"cond-expr","locations":[{"start":{"line":49,"column":83},"end":{"line":49,"column":85}},{"start":{"line":49,"column":83},"end":{"line":49,"column":97}}]},"20":{"loc":{"start":{"line":49,"column":22},"end":{"line":49,"column":85}},"type":"binary-expr","locations":[{"start":{"line":49,"column":22},"end":{"line":49,"column":85}},{"start":{"line":49,"column":83},"end":{"line":49,"column":85}}]},"21":{"loc":{"start":{"line":50,"column":6},"end":{"line":50,"column":null}},"type":"if","locations":[{"start":{"line":50,"column":6},"end":{"line":50,"column":null}},{"start":{},"end":{}}]},"22":{"loc":{"start":{"line":52,"column":6},"end":{"line":52,"column":null}},"type":"if","locations":[{"start":{"line":52,"column":6},"end":{"line":52,"column":null}},{"start":{},"end":{}}]},"23":{"loc":{"start":{"line":60,"column":10},"end":{"line":60,"column":61}},"type":"cond-expr","locations":[{"start":{"line":60,"column":22},"end":{"line":60,"column":57}},{"start":{"line":60,"column":60},"end":{"line":60,"column":61}}]},"24":{"loc":{"start":{"line":63,"column":79},"end":{"line":63,"column":96}},"type":"cond-expr","locations":[{"start":{"line":63,"column":79},"end":{"line":63,"column":90}},{"start":{"line":63,"column":94},"end":{"line":63,"column":96}}]},"25":{"loc":{"start":{"line":63,"column":79},"end":{"line":63,"column":94}},"type":"binary-expr","locations":[{"start":{"line":63,"column":79},"end":{"line":63,"column":94}},{"start":{"line":63,"column":79},"end":{"line":63,"column":94}}]},"26":{"loc":{"start":{"line":71,"column":2},"end":{"line":73,"column":3}},"type":"if","locations":[{"start":{"line":71,"column":2},"end":{"line":73,"column":3}},{"start":{},"end":{}}]},"27":{"loc":{"start":{"line":71,"column":6},"end":{"line":71,"column":47}},"type":"binary-expr","locations":[{"start":{"line":71,"column":6},"end":{"line":71,"column":14}},{"start":{"line":71,"column":18},"end":{"line":71,"column":47}}]}},"s":{"0":0,"1":0,"2":0,"3":0,"4":0,"5":0,"6":0,"7":0,"8":0,"9":0,"10":0,"11":0,"12":0,"13":0,"14":0,"15":0,"16":0,"17":0,"18":0,"19":0,"20":0,"21":0,"22":0,"23":0,"24":0,"25":0,"26":0,"27":0,"28":0,"29":0,"30":0,"31":0,"32":0},"f":{"0":0,"1":0,"2":0,"3":0,"4":0,"5":0},"b":{"0":[0,0],"1":[0,0],"2":[0,0],"3":[0,0],"4":[0,0],"5":[0,0],"6":[0,0],"7":[0,0],"8":[0,0],"9":[0,0],"10":[0,0],"11":[0,0],"12":[0,0],"13":[0,0],"14":[0,0],"15":[0,0],"16":[0,0],"17":[0,0],"18":[0,0],"19":[0,0],"20":[0,0],"21":[0,0],"22":[0,0],"23":[0,0],"24":[0,0],"25":[0,0],"26":[0,0],"27":[0,0]}}
,"/root/lemma-dev/app/api/submissions/route.ts": {"path":"/root/lemma-dev/app/api/submissions/route.ts","statementMap":{"0":{"start":{"line":5,"column":0},"end":{"line":5,"column":7}},"1":{"start":{"line":1,"column":0},"end":{"line":1,"column":55}},"2":{"start":{"line":2,"column":0},"end":{"line":2,"column":29}},"3":{"start":{"line":3,"column":0},"end":{"line":3,"column":40}},"4":{"start":{"line":6,"column":18},"end":{"line":6,"column":30}},"5":{"start":{"line":7,"column":2},"end":{"line":9,"column":3}},"6":{"start":{"line":8,"column":4},"end":{"line":8,"column":null}},"7":{"start":{"line":11,"column":19},"end":{"line":11,"column":39}},"8":{"start":{"line":12,"column":23},"end":{"line":12,"column":61}},"9":{"start":{"line":13,"column":17},"end":{"line":13,"column":52}},"10":{"start":{"line":15,"column":2},"end":{"line":17,"column":3}},"11":{"start":{"line":16,"column":4},"end":{"line":16,"column":null}},"12":{"start":{"line":20,"column":31},"end":{"line":24,"column":13}},"13":{"start":{"line":26,"column":2},"end":{"line":28,"column":3}},"14":{"start":{"line":27,"column":4},"end":{"line":27,"column":null}},"15":{"start":{"line":31,"column":29},"end":{"line":36,"column":13}},"16":{"start":{"line":38,"column":2},"end":{"line":40,"column":3}},"17":{"start":{"line":39,"column":4},"end":{"line":39,"column":null}},"18":{"start":{"line":43,"column":30},"end":{"line":43,"column":32}},"19":{"start":{"line":44,"column":23},"end":{"line":44,"column":42}},"20":{"start":{"line":46,"column":2},"end":{"line":60,"column":3}},"21":{"start":{"line":46,"column":15},"end":{"line":46,"column":16}},"22":{"start":{"line":47,"column":17},"end":{"line":47,"column":26}},"23":{"start":{"line":48,"column":16},"end":{"line":48,"column":51}},"24":{"start":{"line":49,"column":17},"end":{"line":49,"column":72}},"25":{"start":{"line":51,"column":18},"end":{"line":51,"column":42}},"26":{"start":{"line":52,"column":22},"end":{"line":54,"column":54}},"27":{"start":{"line":56,"column":4},"end":{"line":58,"column":5}},"28":{"start":{"line":57,"column":6},"end":{"line":57,"column":null}},"29":{"start":{"line":59,"column":4},"end":{"line":59,"column":null}},"30":{"start":{"line":63,"column":51},"end":{"line":73,"column":13}},"31":{"start":{"line":75,"column":2},"end":{"line":77,"column":3}},"32":{"start":{"line":76,"column":4},"end":{"line":76,"column":null}},"33":{"start":{"line":80,"column":18},"end":{"line":80,"column":82}},"34":{"start":{"line":81,"column":2},"end":{"line":85,"column":null}},"35":{"start":{"line":87,"column":2},"end":{"line":87,"column":null}}},"fnMap":{"0":{"name":"POST","decl":{"start":{"line":5,"column":22},"end":{"line":5,"column":26}},"loc":{"start":{"line":5,"column":43},"end":{"line":88,"column":1}}}},"branchMap":{"0":{"loc":{"start":{"line":7,"column":2},"end":{"line":9,"column":3}},"type":"if","locations":[{"start":{"line":7,"column":2},"end":{"line":9,"column":3}},{"start":{},"end":{}}]},"1":{"loc":{"start":{"line":7,"column":6},"end":{"line":7,"column":49}},"type":"binary-expr","locations":[{"start":{"line":7,"column":6},"end":{"line":7,"column":14}},{"start":{"line":7,"column":18},"end":{"line":7,"column":49}}]},"2":{"loc":{"start":{"line":15,"column":2},"end":{"line":17,"column":3}},"type":"if","locations":[{"start":{"line":15,"column":2},"end":{"line":17,"column":3}},{"start":{},"end":{}}]},"3":{"loc":{"start":{"line":15,"column":6},"end":{"line":15,"column":42}},"type":"binary-expr","locations":[{"start":{"line":15,"column":6},"end":{"line":15,"column":19}},{"start":{"line":15,"column":23},"end":{"line":15,"column":42}}]},"4":{"loc":{"start":{"line":26,"column":2},"end":{"line":28,"column":3}},"type":"if","locations":[{"start":{"line":26,"column":2},"end":{"line":28,"column":3}},{"start":{},"end":{}}]},"5":{"loc":{"start":{"line":26,"column":6},"end":{"line":26,"column":70}},"type":"binary-expr","locations":[{"start":{"line":26,"column":6},"end":{"line":26,"column":17}},{"start":{"line":26,"column":21},"end":{"line":26,"column":70}}]},"6":{"loc":{"start":{"line":38,"column":2},"end":{"line":40,"column":3}},"type":"if","locations":[{"start":{"line":38,"column":2},"end":{"line":40,"column":3}},{"start":{},"end":{}}]},"7":{"loc":{"start":{"line":48,"column":16},"end":{"line":48,"column":51}},"type":"cond-expr","locations":[{"start":{"line":48,"column":42},"end":{"line":48,"column":46}},{"start":{"line":48,"column":46},"end":{"line":48,"column":51}}]},"8":{"loc":{"start":{"line":48,"column":16},"end":{"line":48,"column":46}},"type":"binary-expr","locations":[{"start":{"line":48,"column":16},"end":{"line":48,"column":46}},{"start":{"line":48,"column":42},"end":{"line":48,"column":46}}]},"9":{"loc":{"start":{"line":56,"column":4},"end":{"line":58,"column":5}},"type":"if","locations":[{"start":{"line":56,"column":4},"end":{"line":58,"column":5}},{"start":{},"end":{}}]},"10":{"loc":{"start":{"line":75,"column":2},"end":{"line":77,"column":3}},"type":"if","locations":[{"start":{"line":75,"column":2},"end":{"line":77,"column":3}},{"start":{},"end":{}}]},"11":{"loc":{"start":{"line":75,"column":6},"end":{"line":75,"column":32}},"type":"binary-expr","locations":[{"start":{"line":75,"column":6},"end":{"line":75,"column":17}},{"start":{"line":75,"column":21},"end":{"line":75,"column":32}}]},"12":{"loc":{"start":{"line":80,"column":18},"end":{"line":80,"column":82}},"type":"cond-expr","locations":[{"start":{"line":80,"column":42},"end":{"line":80,"column":46}},{"start":{"line":80,"column":46},"end":{"line":80,"column":82}}]},"13":{"loc":{"start":{"line":80,"column":18},"end":{"line":80,"column":46}},"type":"binary-expr","locations":[{"start":{"line":80,"column":18},"end":{"line":80,"column":46}},{"start":{"line":80,"column":42},"end":{"line":80,"column":46}}]}},"s":{"0":0,"1":0,"2":0,"3":0,"4":0,"5":0,"6":0,"7":0,"8":0,"9":0,"10":0,"11":0,"12":0,"13":0,"14":0,"15":0,"16":0,"17":0,"18":0,"19":0,"20":0,"21":0,"22":0,"23":0,"24":0,"25":0,"26":0,"27":0,"28":0,"29":0,"30":0,"31":0,"32":0,"33":0,"34":0,"35":0},"f":{"0":0},"b":{"0":[0,0],"1":[0,0],"2":[0,0],"3":[0,0],"4":[0,0],"5":[0,0],"6":[0,0],"7":[0,0],"8":[0,0],"9":[0,0],"10":[0,0],"11":[0,0],"12":[0,0],"13":[0,0]}}
,"/root/lemma-dev/app/api/submissions/[id]/route.ts": {"path":"/root/lemma-dev/app/api/submissions/[id]/route.ts","statementMap":{"0":{"start":{"line":6,"column":0},"end":{"line":6,"column":7}},"1":{"start":{"line":1,"column":0},"end":{"line":1,"column":55}},"2":{"start":{"line":2,"column":0},"end":{"line":2,"column":29}},"3":{"start":{"line":3,"column":0},"end":{"line":3,"column":40}},"4":{"start":{"line":4,"column":0},"end":{"line":4,"column":44}},"5":{"start":{"line":10,"column":18},"end":{"line":10,"column":30}},"6":{"start":{"line":11,"column":2},"end":{"line":11,"column":null}},"7":{"start":{"line":11,"column":16},"end":{"line":11,"column":null}},"8":{"start":{"line":13,"column":17},"end":{"line":13,"column":29}},"9":{"start":{"line":15,"column":31},"end":{"line":26,"column":13}},"10":{"start":{"line":28,"column":2},"end":{"line":28,"column":null}},"11":{"start":{"line":28,"column":19},"end":{"line":28,"column":null}},"12":{"start":{"line":31,"column":2},"end":{"line":33,"column":3}},"13":{"start":{"line":32,"column":4},"end":{"line":32,"column":null}},"14":{"start":{"line":36,"column":21},"end":{"line":37,"column":null}},"15":{"start":{"line":37,"column":48},"end":{"line":37,"column":84}},"16":{"start":{"line":37,"column":79},"end":{"line":37,"column":83}},"17":{"start":{"line":40,"column":2},"end":{"line":40,"column":null}}},"fnMap":{"0":{"name":"GET","decl":{"start":{"line":6,"column":22},"end":{"line":6,"column":25}},"loc":{"start":{"line":8,"column":49},"end":{"line":41,"column":1}}},"1":{"name":"(anonymous_1)","decl":{"start":{"line":37,"column":30},"end":{"line":37,"column":31}},"loc":{"start":{"line":37,"column":48},"end":{"line":37,"column":84}}},"2":{"name":"(anonymous_2)","decl":{"start":{"line":37,"column":73},"end":{"line":37,"column":76}},"loc":{"start":{"line":37,"column":79},"end":{"line":37,"column":83}}}},"branchMap":{"0":{"loc":{"start":{"line":11,"column":2},"end":{"line":11,"column":null}},"type":"if","locations":[{"start":{"line":11,"column":2},"end":{"line":11,"column":null}},{"start":{},"end":{}}]},"1":{"loc":{"start":{"line":28,"column":2},"end":{"line":28,"column":null}},"type":"if","locations":[{"start":{"line":28,"column":2},"end":{"line":28,"column":null}},{"start":{},"end":{}}]},"2":{"loc":{"start":{"line":31,"column":2},"end":{"line":33,"column":3}},"type":"if","locations":[{"start":{"line":31,"column":2},"end":{"line":33,"column":3}},{"start":{},"end":{}}]},"3":{"loc":{"start":{"line":31,"column":6},"end":{"line":31,"column":82}},"type":"binary-expr","locations":[{"start":{"line":31,"column":6},"end":{"line":31,"column":37}},{"start":{"line":31,"column":41},"end":{"line":31,"column":82}}]}},"s":{"0":0,"1":0,"2":0,"3":0,"4":0,"5":0,"6":0,"7":0,"8":0,"9":0,"10":0,"11":0,"12":0,"13":0,"14":0,"15":0,"16":0,"17":0},"f":{"0":0,"1":0,"2":0},"b":{"0":[0,0],"1":[0,0],"2":[0,0],"3":[0,0]}}
,"/root/lemma-dev/lib/db.ts": {"path":"/root/lemma-dev/lib/db.ts","statementMap":{"0":{"start":{"line":1,"column":0},"end":{"line":1,"column":52}},"1":{"start":{"line":3,"column":20},"end":{"line":3,"column":57}},"2":{"start":{"line":4,"column":24},"end":{"line":4,"column":66}},"3":{"start":{"line":5,"column":27},"end":{"line":5,"column":60}},"4":{"start":{"line":8,"column":13},"end":{"line":8,"column":null}},"5":{"start":{"line":11,"column":13},"end":{"line":11,"column":null}}},"fnMap":{},"branchMap":{},"s":{"0":0,"1":0,"2":0,"3":0,"4":0,"5":0},"f":{},"b":{}}
,"/root/lemma-dev/lib/gemini.ts": {"path":"/root/lemma-dev/lib/gemini.ts","statementMap":{"0":{"start":{"line":25,"column":0},"end":{"line":25,"column":7}},"1":{"start":{"line":63,"column":0},"end":{"line":63,"column":7}},"2":{"start":{"line":95,"column":0},"end":{"line":95,"column":7}},"3":{"start":{"line":1,"column":0},"end":{"line":1,"column":58}},"4":{"start":{"line":3,"column":14},"end":{"line":3,"column":65}},"5":{"start":{"line":5,"column":13},"end":{"line":5,"column":null}},"6":{"start":{"line":6,"column":13},"end":{"line":6,"column":null}},"7":{"start":{"line":32,"column":17},"end":{"line":46,"column":8}},"8":{"start":{"line":48,"column":17},"end":{"line":51,"column":4}},"9":{"start":{"line":53,"column":15},"end":{"line":53,"column":44}},"10":{"start":{"line":55,"column":20},"end":{"line":55,"column":45}},"11":{"start":{"line":56,"column":2},"end":{"line":56,"column":null}},"12":{"start":{"line":56,"column":18},"end":{"line":56,"column":null}},"13":{"start":{"line":58,"column":2},"end":{"line":58,"column":null}},"14":{"start":{"line":68,"column":17},"end":{"line":83,"column":8}},"15":{"start":{"line":85,"column":17},"end":{"line":85,"column":55}},"16":{"start":{"line":86,"column":15},"end":{"line":86,"column":44}},"17":{"start":{"line":87,"column":20},"end":{"line":87,"column":45}},"18":{"start":{"line":88,"column":2},"end":{"line":88,"column":null}},"19":{"start":{"line":88,"column":18},"end":{"line":88,"column":null}},"20":{"start":{"line":90,"column":2},"end":{"line":90,"column":null}},"21":{"start":{"line":100,"column":17},"end":{"line":109,"column":8}},"22":{"start":{"line":111,"column":17},"end":{"line":114,"column":4}},"23":{"start":{"line":116,"column":15},"end":{"line":116,"column":44}},"24":{"start":{"line":117,"column":20},"end":{"line":117,"column":45}},"25":{"start":{"line":118,"column":2},"end":{"line":118,"column":null}},"26":{"start":{"line":118,"column":18},"end":{"line":118,"column":null}},"27":{"start":{"line":118,"column":52},"end":{"line":118,"column":81}},"28":{"start":{"line":120,"column":2},"end":{"line":120,"column":null}}},"fnMap":{"0":{"name":"gradeProblem","decl":{"start":{"line":25,"column":22},"end":{"line":25,"column":34}},"loc":{"start":{"line":30,"column":25},"end":{"line":59,"column":1}}},"1":{"name":"generateSimilarProblem","decl":{"start":{"line":63,"column":22},"end":{"line":63,"column":44}},"loc":{"start":{"line":66,"column":21},"end":{"line":91,"column":1}}},"2":{"name":"separateProblemsFromPhoto","decl":{"start":{"line":95,"column":22},"end":{"line":95,"column":47}},"loc":{"start":{"line":98,"column":26},"end":{"line":121,"column":1}}},"3":{"name":"(anonymous_3)","decl":{"start":{"line":118,"column":44},"end":{"line":118,"column":45}},"loc":{"start":{"line":118,"column":52},"end":{"line":118,"column":81}}}},"branchMap":{"0":{"loc":{"start":{"line":37,"column":2},"end":{"line":37,"column":38}},"type":"cond-expr","locations":[{"start":{"line":37,"column":13},"end":{"line":37,"column":33}},{"start":{"line":37,"column":36},"end":{"line":37,"column":38}}]},"1":{"loc":{"start":{"line":56,"column":2},"end":{"line":56,"column":null}},"type":"if","locations":[{"start":{"line":56,"column":2},"end":{"line":56,"column":null}},{"start":{},"end":{}}]},"2":{"loc":{"start":{"line":88,"column":2},"end":{"line":88,"column":null}},"type":"if","locations":[{"start":{"line":88,"column":2},"end":{"line":88,"column":null}},{"start":{},"end":{}}]},"3":{"loc":{"start":{"line":118,"column":2},"end":{"line":118,"column":null}},"type":"if","locations":[{"start":{"line":118,"column":2},"end":{"line":118,"column":null}},{"start":{},"end":{}}]}},"s":{"0":1,"1":1,"2":1,"3":1,"4":1,"5":1,"6":1,"7":0,"8":0,"9":0,"10":0,"11":0,"12":0,"13":0,"14":0,"15":0,"16":0,"17":0,"18":0,"19":0,"20":0,"21":0,"22":0,"23":0,"24":0,"25":0,"26":0,"27":0,"28":0},"f":{"0":0,"1":0,"2":0,"3":0},"b":{"0":[0,0],"1":[0,0],"2":[0,0],"3":[0,0]}}
,"/root/lemma-dev/lib/storage.ts": {"path":"/root/lemma-dev/lib/storage.ts","statementMap":{"0":{"start":{"line":5,"column":0},"end":{"line":5,"column":7}},"1":{"start":{"line":21,"column":0},"end":{"line":21,"column":7}},"2":{"start":{"line":1,"column":0},"end":{"line":1,"column":36}},"3":{"start":{"line":3,"column":15},"end":{"line":3,"column":34}},"4":{"start":{"line":10,"column":14},"end":{"line":10,"column":49}},"5":{"start":{"line":11,"column":15},"end":{"line":11,"column":74}},"6":{"start":{"line":13,"column":20},"end":{"line":15,"column":66}},"7":{"start":{"line":17,"column":2},"end":{"line":17,"column":null}},"8":{"start":{"line":17,"column":13},"end":{"line":17,"column":null}},"9":{"start":{"line":18,"column":2},"end":{"line":18,"column":null}},"10":{"start":{"line":22,"column":26},"end":{"line":24,"column":37}},"11":{"start":{"line":26,"column":2},"end":{"line":26,"column":null}},"12":{"start":{"line":26,"column":22},"end":{"line":26,"column":null}},"13":{"start":{"line":27,"column":2},"end":{"line":27,"column":null}}},"fnMap":{"0":{"name":"uploadSubmissionPhoto","decl":{"start":{"line":5,"column":22},"end":{"line":5,"column":43}},"loc":{"start":{"line":8,"column":15},"end":{"line":19,"column":1}}},"1":{"name":"getSignedUrl","decl":{"start":{"line":21,"column":22},"end":{"line":21,"column":34}},"loc":{"start":{"line":21,"column":65},"end":{"line":28,"column":1}}}},"branchMap":{"0":{"loc":{"start":{"line":10,"column":14},"end":{"line":10,"column":49}},"type":"cond-expr","locations":[{"start":{"line":10,"column":40},"end":{"line":10,"column":44}},{"start":{"line":10,"column":44},"end":{"line":10,"column":49}}]},"1":{"loc":{"start":{"line":10,"column":14},"end":{"line":10,"column":44}},"type":"binary-expr","locations":[{"start":{"line":10,"column":14},"end":{"line":10,"column":44}},{"start":{"line":10,"column":40},"end":{"line":10,"column":44}}]},"2":{"loc":{"start":{"line":17,"column":2},"end":{"line":17,"column":null}},"type":"if","locations":[{"start":{"line":17,"column":2},"end":{"line":17,"column":null}},{"start":{},"end":{}}]},"3":{"loc":{"start":{"line":21,"column":49},"end":{"line":21,"column":65}},"type":"default-arg","locations":[{"start":{"line":21,"column":61},"end":{"line":21,"column":65}}]},"4":{"loc":{"start":{"line":26,"column":2},"end":{"line":26,"column":null}},"type":"if","locations":[{"start":{"line":26,"column":2},"end":{"line":26,"column":null}},{"start":{},"end":{}}]},"5":{"loc":{"start":{"line":26,"column":6},"end":{"line":26,"column":20}},"type":"binary-expr","locations":[{"start":{"line":26,"column":6},"end":{"line":26,"column":11}},{"start":{"line":26,"column":15},"end":{"line":26,"column":20}}]},"6":{"loc":{"start":{"line":26,"column":60},"end":{"line":26,"column":74}},"type":"cond-expr","locations":[{"start":{"line":26,"column":65},"end":{"line":26,"column":67}},{"start":{"line":26,"column":60},"end":{"line":26,"column":74}}]},"7":{"loc":{"start":{"line":26,"column":60},"end":{"line":26,"column":67}},"type":"binary-expr","locations":[{"start":{"line":26,"column":60},"end":{"line":26,"column":67}},{"start":{"line":26,"column":60},"end":{"line":26,"column":67}}]}},"s":{"0":0,"1":0,"2":0,"3":0,"4":0,"5":0,"6":0,"7":0,"8":0,"9":0,"10":0,"11":0,"12":0,"13":0},"f":{"0":0,"1":0},"b":{"0":[0,0],"1":[0,0],"2":[0,0],"3":[0],"4":[0,0],"5":[0,0],"6":[0,0],"7":[0,0]}}
,"/root/lemma-dev/lib/utils.ts": {"path":"/root/lemma-dev/lib/utils.ts","statementMap":{"0":{"start":{"line":4,"column":0},"end":{"line":4,"column":16}},"1":{"start":{"line":1,"column":0},"end":{"line":1,"column":44}},"2":{"start":{"line":2,"column":0},"end":{"line":2,"column":40}},"3":{"start":{"line":5,"column":2},"end":{"line":5,"column":null}}},"fnMap":{"0":{"name":"cn","decl":{"start":{"line":4,"column":16},"end":{"line":4,"column":18}},"loc":{"start":{"line":4,"column":42},"end":{"line":6,"column":1}}}},"branchMap":{},"s":{"0":0,"1":0,"2":0,"3":0},"f":{"0":0},"b":{}}
,"/root/lemma-dev/lib/z3-client.ts": {"path":"/root/lemma-dev/lib/z3-client.ts","statementMap":{"0":{"start":{"line":13,"column":0},"end":{"line":13,"column":7}},"1":{"start":{"line":14,"column":16},"end":{"line":14,"column":42}},"2":{"start":{"line":15,"column":2},"end":{"line":18,"column":3}},"3":{"start":{"line":17,"column":4},"end":{"line":17,"column":null}},"4":{"start":{"line":20,"column":2},"end":{"line":44,"column":3}},"5":{"start":{"line":21,"column":16},"end":{"line":31,"column":6}},"6":{"start":{"line":33,"column":4},"end":{"line":33,"column":null}},"7":{"start":{"line":33,"column":17},"end":{"line":33,"column":null}},"8":{"start":{"line":35,"column":17},"end":{"line":35,"column":33}},"9":{"start":{"line":36,"column":4},"end":{"line":40,"column":null}},"10":{"start":{"line":43,"column":4},"end":{"line":43,"column":null}}},"fnMap":{"0":{"name":"verifyWithZ3","decl":{"start":{"line":13,"column":22},"end":{"line":13,"column":34}},"loc":{"start":{"line":13,"column":53},"end":{"line":45,"column":1}}}},"branchMap":{"0":{"loc":{"start":{"line":15,"column":2},"end":{"line":18,"column":3}},"type":"if","locations":[{"start":{"line":15,"column":2},"end":{"line":18,"column":3}},{"start":{},"end":{}}]},"1":{"loc":{"start":{"line":28,"column":13},"end":{"line":28,"column":46}},"type":"cond-expr","locations":[{"start":{"line":28,"column":40},"end":{"line":28,"column":44}},{"start":{"line":28,"column":44},"end":{"line":28,"column":46}}]},"2":{"loc":{"start":{"line":28,"column":13},"end":{"line":28,"column":44}},"type":"binary-expr","locations":[{"start":{"line":28,"column":13},"end":{"line":28,"column":44}},{"start":{"line":28,"column":40},"end":{"line":28,"column":44}}]},"3":{"loc":{"start":{"line":33,"column":4},"end":{"line":33,"column":null}},"type":"if","locations":[{"start":{"line":33,"column":4},"end":{"line":33,"column":null}},{"start":{},"end":{}}]},"4":{"loc":{"start":{"line":39,"column":25},"end":{"line":39,"column":54}},"type":"cond-expr","locations":[{"start":{"line":39,"column":48},"end":{"line":39,"column":52}},{"start":{"line":39,"column":52},"end":{"line":39,"column":54}}]},"5":{"loc":{"start":{"line":39,"column":25},"end":{"line":39,"column":52}},"type":"binary-expr","locations":[{"start":{"line":39,"column":25},"end":{"line":39,"column":52}},{"start":{"line":39,"column":48},"end":{"line":39,"column":52}}]}},"s":{"0":0,"1":0,"2":0,"3":0,"4":0,"5":0,"6":0,"7":0,"8":0,"9":0,"10":0},"f":{"0":0},"b":{"0":[0,0],"1":[0,0],"2":[0,0],"3":[0,0],"4":[0,0],"5":[0,0]}}
}
